{"/home/www/ol-contextmenu/src/constants.ts": {"path":"/home/www/ol-contextmenu/src/constants.ts","statementMap":{"0":{"start":{"line":3,"column":13},"end":{"line":3,"column":28}},"1":{"start":{"line":13,"column":13},"end":{"line":13,"column":24}},"2":{"start":{"line":25,"column":13},"end":{"line":25,"column":26}},"3":{"start":{"line":1,"column":48},"end":{"line":1,"column":null}},"4":{"start":{"line":3,"column":40},"end":{"line":9,"column":1}},"5":{"start":{"line":11,"column":18},"end":{"line":11,"column":31}},"6":{"start":{"line":13,"column":27},"end":{"line":23,"column":1}},"7":{"start":{"line":25,"column":43},"end":{"line":52,"column":1}},"8":{"start":{"line":30,"column":25},"end":{"line":30,"column":38}},"9":{"start":{"line":32,"column":12},"end":{"line":36,"column":15}},"10":{"start":{"line":43,"column":25},"end":{"line":43,"column":38}},"11":{"start":{"line":45,"column":12},"end":{"line":49,"column":15}}},"fnMap":{"0":{"name":"(anonymous_1)","decl":{"start":{"line":3,"column":28},"end":{"line":3,"column":40}},"loc":{"start":{"line":3,"column":13},"end":{"line":3,"column":28}}},"1":{"name":"(anonymous_2)","decl":{"start":{"line":13,"column":24},"end":{"line":13,"column":27}},"loc":{"start":{"line":13,"column":13},"end":{"line":13,"column":24}}},"2":{"name":"(anonymous_3)","decl":{"start":{"line":25,"column":26},"end":{"line":25,"column":43}},"loc":{"start":{"line":25,"column":13},"end":{"line":25,"column":26}}},"3":{"name":"(anonymous_4)","decl":{"start":{"line":29,"column":18},"end":{"line":29,"column":19}},"loc":{"start":{"line":29,"column":35},"end":{"line":37,"column":9}}},"4":{"name":"(anonymous_5)","decl":{"start":{"line":42,"column":18},"end":{"line":42,"column":19}},"loc":{"start":{"line":42,"column":35},"end":{"line":50,"column":9}}}},"branchMap":{},"s":{"0":5,"1":17,"2":2,"3":1,"4":1,"5":1,"6":1,"7":1,"8":0,"9":0,"10":0,"11":0},"f":{"0":5,"1":17,"2":2,"3":0,"4":0},"b":{}}
,"/home/www/ol-contextmenu/src/emitter.ts": {"path":"/home/www/ol-contextmenu/src/emitter.ts","statementMap":{"0":{"start":{"line":5,"column":0},"end":{"line":5,"column":15}},"1":{"start":{"line":1,"column":28},"end":{"line":1,"column":null}},"2":{"start":{"line":3,"column":16},"end":{"line":3,"column":33}},"3":{"start":{"line":5,"column":15},"end":{"line":5,"column":22}}},"fnMap":{"0":{"name":"(anonymous_0)","decl":{"start":{"line":5,"column":0},"end":{"line":5,"column":15}},"loc":{"start":{"line":5,"column":0},"end":{"line":5,"column":15}}}},"branchMap":{},"s":{"0":19,"1":1,"2":1,"3":1},"f":{"0":19},"b":{}}
,"/home/www/ol-contextmenu/src/main.ts": {"path":"/home/www/ol-contextmenu/src/main.ts","statementMap":{"0":{"start":{"line":18,"column":21},"end":{"line":18,"column":32}},"1":{"start":{"line":3,"column":20},"end":{"line":3,"column":null}},"2":{"start":{"line":7,"column":60},"end":{"line":7,"column":null}},"3":{"start":{"line":8,"column":87},"end":{"line":8,"column":null}},"4":{"start":{"line":9,"column":20},"end":{"line":9,"column":null}},"5":{"start":{"line":10,"column":46},"end":{"line":10,"column":null}},"6":{"start":{"line":12,"column":7},"end":{"line":12,"column":null}},"7":{"start":{"line":15,"column":4},"end":{"line":15,"column":45}},"8":{"start":{"line":15,"column":20},"end":{"line":15,"column":45}},"9":{"start":{"line":18,"column":15},"end":{"line":341,"column":null}},"10":{"start":{"line":86,"column":8},"end":{"line":88,"column":9}},"11":{"start":{"line":87,"column":12},"end":{"line":87,"column":37}},"12":{"start":{"line":90,"column":8},"end":{"line":90,"column":41}},"13":{"start":{"line":91,"column":8},"end":{"line":91,"column":60}},"14":{"start":{"line":95,"column":8},"end":{"line":95,"column":30}},"15":{"start":{"line":99,"column":8},"end":{"line":99,"column":29}},"16":{"start":{"line":103,"column":8},"end":{"line":103,"column":29}},"17":{"start":{"line":107,"column":8},"end":{"line":107,"column":37}},"18":{"start":{"line":111,"column":8},"end":{"line":111,"column":75}},"19":{"start":{"line":112,"column":8},"end":{"line":116,"column":10}},"20":{"start":{"line":120,"column":8},"end":{"line":120,"column":28}},"21":{"start":{"line":121,"column":8},"end":{"line":121,"column":57}},"22":{"start":{"line":122,"column":8},"end":{"line":122,"column":51}},"23":{"start":{"line":126,"column":8},"end":{"line":126,"column":27}},"24":{"start":{"line":130,"column":8},"end":{"line":130,"column":75}},"25":{"start":{"line":132,"column":8},"end":{"line":135,"column":9}},"26":{"start":{"line":133,"column":12},"end":{"line":133,"column":31}},"27":{"start":{"line":134,"column":12},"end":{"line":134,"column":37}},"28":{"start":{"line":139,"column":21},"end":{"line":139,"column":62}},"29":{"start":{"line":141,"column":8},"end":{"line":141,"column":43}},"30":{"start":{"line":145,"column":22},"end":{"line":145,"column":65}},"31":{"start":{"line":147,"column":8},"end":{"line":147,"column":45}},"32":{"start":{"line":151,"column":8},"end":{"line":151,"column":36}},"33":{"start":{"line":155,"column":8},"end":{"line":155,"column":26}},"34":{"start":{"line":157,"column":8},"end":{"line":186,"column":9}},"35":{"start":{"line":158,"column":12},"end":{"line":158,"column":27}},"36":{"start":{"line":159,"column":12},"end":{"line":161,"column":96}},"37":{"start":{"line":163,"column":12},"end":{"line":165,"column":15}},"38":{"start":{"line":164,"column":16},"end":{"line":164,"column":37}},"39":{"start":{"line":167,"column":12},"end":{"line":169,"column":37}},"40":{"start":{"line":171,"column":12},"end":{"line":175,"column":14}},"41":{"start":{"line":177,"column":34},"end":{"line":177,"column":61}},"42":{"start":{"line":179,"column":12},"end":{"line":182,"column":52}},"43":{"start":{"line":184,"column":12},"end":{"line":184,"column":35}},"44":{"start":{"line":185,"column":12},"end":{"line":185,"column":25}},"45":{"start":{"line":190,"column":8},"end":{"line":192,"column":95}},"46":{"start":{"line":196,"column":24},"end":{"line":196,"column":51}},"47":{"start":{"line":198,"column":8},"end":{"line":198,"column":26}},"48":{"start":{"line":199,"column":8},"end":{"line":199,"column":79}},"49":{"start":{"line":200,"column":8},"end":{"line":200,"column":36}},"50":{"start":{"line":204,"column":8},"end":{"line":204,"column":59}},"51":{"start":{"line":205,"column":8},"end":{"line":205,"column":49}},"52":{"start":{"line":206,"column":8},"end":{"line":210,"column":35}},"53":{"start":{"line":212,"column":8},"end":{"line":212,"column":34}},"54":{"start":{"line":212,"column":27},"end":{"line":212,"column":34}},"55":{"start":{"line":214,"column":8},"end":{"line":217,"column":9}},"56":{"start":{"line":215,"column":12},"end":{"line":215,"column":34}},"57":{"start":{"line":216,"column":12},"end":{"line":216,"column":33}},"58":{"start":{"line":219,"column":8},"end":{"line":219,"column":24}},"59":{"start":{"line":221,"column":8},"end":{"line":230,"column":10}},"60":{"start":{"line":224,"column":16},"end":{"line":227,"column":17}},"61":{"start":{"line":225,"column":20},"end":{"line":225,"column":44}},"62":{"start":{"line":226,"column":20},"end":{"line":226,"column":37}},"63":{"start":{"line":234,"column":8},"end":{"line":234,"column":48}},"64":{"start":{"line":234,"column":41},"end":{"line":234,"column":48}},"65":{"start":{"line":236,"column":8},"end":{"line":236,"column":27}},"66":{"start":{"line":237,"column":8},"end":{"line":237,"column":33}},"67":{"start":{"line":238,"column":8},"end":{"line":238,"column":60}},"68":{"start":{"line":242,"column":8},"end":{"line":244,"column":17}},"69":{"start":{"line":243,"column":23},"end":{"line":243,"column":71}},"70":{"start":{"line":248,"column":24},"end":{"line":248,"column":52}},"71":{"start":{"line":249,"column":26},"end":{"line":252,"column":9}},"72":{"start":{"line":253,"column":25},"end":{"line":258,"column":9}},"73":{"start":{"line":260,"column":21},"end":{"line":260,"column":95}},"74":{"start":{"line":262,"column":8},"end":{"line":262,"column":48}},"75":{"start":{"line":263,"column":8},"end":{"line":266,"column":52}},"76":{"start":{"line":267,"column":8},"end":{"line":267,"column":44}},"77":{"start":{"line":268,"column":8},"end":{"line":268,"column":45}},"78":{"start":{"line":269,"column":8},"end":{"line":269,"column":34}},"79":{"start":{"line":271,"column":41},"end":{"line":273,"column":null}},"80":{"start":{"line":272,"column":12},"end":{"line":273,"column":null}},"81":{"start":{"line":273,"column":24},"end":{"line":273,"column":89}},"82":{"start":{"line":276,"column":27},"end":{"line":276,"column":28}},"83":{"start":{"line":277,"column":32},"end":{"line":307,"column":9}},"84":{"start":{"line":278,"column":12},"end":{"line":278,"column":30}},"85":{"start":{"line":279,"column":29},"end":{"line":279,"column":64}},"86":{"start":{"line":281,"column":12},"end":{"line":306,"column":15}},"87":{"start":{"line":283,"column":20},"end":{"line":283,"column":89}},"88":{"start":{"line":285,"column":32},"end":{"line":286,"column":null}},"89":{"start":{"line":289,"column":38},"end":{"line":291,"column":null}},"90":{"start":{"line":291,"column":68},"end":{"line":291,"column":87}},"91":{"start":{"line":294,"column":16},"end":{"line":294,"column":53}},"92":{"start":{"line":295,"column":16},"end":{"line":295,"column":45}},"93":{"start":{"line":296,"column":16},"end":{"line":299,"column":60}},"94":{"start":{"line":300,"column":16},"end":{"line":300,"column":46}},"95":{"start":{"line":301,"column":16},"end":{"line":301,"column":60}},"96":{"start":{"line":303,"column":16},"end":{"line":305,"column":17}},"97":{"start":{"line":304,"column":20},"end":{"line":304,"column":74}},"98":{"start":{"line":309,"column":8},"end":{"line":309,"column":91}},"99":{"start":{"line":313,"column":8},"end":{"line":313,"column":25}},"100":{"start":{"line":317,"column":8},"end":{"line":317,"column":29}},"101":{"start":{"line":318,"column":8},"end":{"line":318,"column":30}},"102":{"start":{"line":320,"column":23},"end":{"line":320,"column":40}},"103":{"start":{"line":321,"column":21},"end":{"line":321,"column":52}},"104":{"start":{"line":323,"column":8},"end":{"line":323,"column":26}},"105":{"start":{"line":323,"column":19},"end":{"line":323,"column":26}},"106":{"start":{"line":325,"column":39},"end":{"line":328,"column":9}},"107":{"start":{"line":330,"column":8},"end":{"line":330,"column":25}},"108":{"start":{"line":331,"column":8},"end":{"line":331,"column":42}},"109":{"start":{"line":335,"column":8},"end":{"line":335,"column":44}},"110":{"start":{"line":337,"column":8},"end":{"line":339,"column":9}},"111":{"start":{"line":338,"column":12},"end":{"line":338,"column":86}},"112":{"start":{"line":46,"column":8},"end":{"line":46,"column":81}},"113":{"start":{"line":48,"column":26},"end":{"line":48,"column":55}},"114":{"start":{"line":50,"column":8},"end":{"line":50,"column":38}},"115":{"start":{"line":23,"column":4},"end":{"line":23,"column":41}},"116":{"start":{"line":25,"column":4},"end":{"line":25,"column":31}},"117":{"start":{"line":33,"column":4},"end":{"line":33,"column":28}},"118":{"start":{"line":39,"column":4},"end":{"line":39,"column":32}},"119":{"start":{"line":41,"column":4},"end":{"line":41,"column":61}},"120":{"start":{"line":52,"column":8},"end":{"line":52,"column":55}},"121":{"start":{"line":53,"column":21},"end":{"line":53,"column":49}},"122":{"start":{"line":55,"column":8},"end":{"line":55,"column":31}},"123":{"start":{"line":56,"column":8},"end":{"line":56,"column":58}},"124":{"start":{"line":57,"column":8},"end":{"line":61,"column":10}},"125":{"start":{"line":63,"column":8},"end":{"line":63,"column":35}},"126":{"start":{"line":64,"column":8},"end":{"line":66,"column":10}},"127":{"start":{"line":65,"column":12},"end":{"line":65,"column":40}},"128":{"start":{"line":67,"column":8},"end":{"line":69,"column":10}},"129":{"start":{"line":68,"column":12},"end":{"line":68,"column":42}},"130":{"start":{"line":70,"column":8},"end":{"line":72,"column":10}},"131":{"start":{"line":71,"column":12},"end":{"line":71,"column":33}},"132":{"start":{"line":73,"column":8},"end":{"line":73,"column":30}},"133":{"start":{"line":74,"column":8},"end":{"line":74,"column":28}},"134":{"start":{"line":76,"column":8},"end":{"line":82,"column":10}},"135":{"start":{"line":79,"column":16},"end":{"line":79,"column":55}},"136":{"start":{"line":346,"column":0},"end":{"line":350,"column":1}},"137":{"start":{"line":349,"column":4},"end":{"line":349,"column":48}}},"fnMap":{"0":{"name":"(anonymous_0)","decl":{"start":{"line":18,"column":21},"end":{"line":18,"column":32}},"loc":{"start":{"line":18,"column":21},"end":{"line":18,"column":32}}},"1":{"name":"assert","decl":{"start":{"line":14,"column":9},"end":{"line":14,"column":15}},"loc":{"start":{"line":14,"column":72},"end":{"line":16,"column":1}}},"2":{"name":"(anonymous_3)","decl":{"start":{"line":85,"column":4},"end":{"line":85,"column":9}},"loc":{"start":{"line":85,"column":12},"end":{"line":92,"column":null}}},"3":{"name":"(anonymous_4)","decl":{"start":{"line":94,"column":4},"end":{"line":94,"column":10}},"loc":{"start":{"line":94,"column":13},"end":{"line":96,"column":null}}},"4":{"name":"(anonymous_5)","decl":{"start":{"line":98,"column":4},"end":{"line":98,"column":11}},"loc":{"start":{"line":98,"column":14},"end":{"line":100,"column":null}}},"5":{"name":"(anonymous_6)","decl":{"start":{"line":102,"column":4},"end":{"line":102,"column":19}},"loc":{"start":{"line":102,"column":22},"end":{"line":104,"column":null}}},"6":{"name":"(anonymous_7)","decl":{"start":{"line":106,"column":4},"end":{"line":106,"column":14}},"loc":{"start":{"line":106,"column":17},"end":{"line":108,"column":null}}},"7":{"name":"(anonymous_8)","decl":{"start":{"line":110,"column":4},"end":{"line":110,"column":10}},"loc":{"start":{"line":110,"column":26},"end":{"line":117,"column":null}}},"8":{"name":"(anonymous_9)","decl":{"start":{"line":119,"column":4},"end":{"line":119,"column":13}},"loc":{"start":{"line":119,"column":16},"end":{"line":123,"column":null}}},"9":{"name":"(anonymous_10)","decl":{"start":{"line":125,"column":4},"end":{"line":125,"column":10}},"loc":{"start":{"line":125,"column":13},"end":{"line":127,"column":null}}},"10":{"name":"(anonymous_11)","decl":{"start":{"line":129,"column":4},"end":{"line":129,"column":18}},"loc":{"start":{"line":129,"column":33},"end":{"line":136,"column":null}}},"11":{"name":"(anonymous_12)","decl":{"start":{"line":138,"column":4},"end":{"line":138,"column":7}},"loc":{"start":{"line":138,"column":10},"end":{"line":142,"column":null}}},"12":{"name":"(anonymous_13)","decl":{"start":{"line":144,"column":4},"end":{"line":144,"column":9}},"loc":{"start":{"line":144,"column":12},"end":{"line":148,"column":null}}},"13":{"name":"(anonymous_14)","decl":{"start":{"line":150,"column":4},"end":{"line":150,"column":8}},"loc":{"start":{"line":150,"column":21},"end":{"line":152,"column":null}}},"14":{"name":"(anonymous_15)","decl":{"start":{"line":154,"column":4},"end":{"line":154,"column":10}},"loc":{"start":{"line":154,"column":29},"end":{"line":187,"column":null}}},"15":{"name":"(anonymous_16)","decl":{"start":{"line":163,"column":37},"end":{"line":163,"column":43}},"loc":{"start":{"line":163,"column":43},"end":{"line":165,"column":13}}},"16":{"name":"(anonymous_17)","decl":{"start":{"line":189,"column":14},"end":{"line":189,"column":29}},"loc":{"start":{"line":189,"column":32},"end":{"line":193,"column":null}}},"17":{"name":"(anonymous_18)","decl":{"start":{"line":195,"column":14},"end":{"line":195,"column":29}},"loc":{"start":{"line":195,"column":42},"end":{"line":201,"column":null}}},"18":{"name":"(anonymous_19)","decl":{"start":{"line":203,"column":14},"end":{"line":203,"column":31}},"loc":{"start":{"line":203,"column":49},"end":{"line":231,"column":null}}},"19":{"name":"(anonymous_20)","decl":{"start":{"line":223,"column":12},"end":{"line":223,"column":13}},"loc":{"start":{"line":223,"column":23},"end":{"line":228,"column":13}}},"20":{"name":"(anonymous_21)","decl":{"start":{"line":233,"column":14},"end":{"line":233,"column":22}},"loc":{"start":{"line":233,"column":25},"end":{"line":239,"column":null}}},"21":{"name":"(anonymous_22)","decl":{"start":{"line":241,"column":14},"end":{"line":241,"column":34}},"loc":{"start":{"line":241,"column":45},"end":{"line":245,"column":null}}},"22":{"name":"(anonymous_23)","decl":{"start":{"line":243,"column":12},"end":{"line":243,"column":13}},"loc":{"start":{"line":243,"column":23},"end":{"line":243,"column":71}}},"23":{"name":"(anonymous_24)","decl":{"start":{"line":247,"column":14},"end":{"line":247,"column":31}},"loc":{"start":{"line":247,"column":34},"end":{"line":310,"column":null}}},"24":{"name":"(anonymous_25)","decl":{"start":{"line":271,"column":41},"end":{"line":271,"column":42}},"loc":{"start":{"line":272,"column":12},"end":{"line":273,"column":null}}},"25":{"name":"(anonymous_26)","decl":{"start":{"line":273,"column":16},"end":{"line":273,"column":17}},"loc":{"start":{"line":273,"column":24},"end":{"line":273,"column":89}}},"26":{"name":"(anonymous_27)","decl":{"start":{"line":277,"column":32},"end":{"line":277,"column":33}},"loc":{"start":{"line":277,"column":89},"end":{"line":307,"column":9}}},"27":{"name":"(anonymous_28)","decl":{"start":{"line":281,"column":29},"end":{"line":281,"column":30}},"loc":{"start":{"line":281,"column":42},"end":{"line":306,"column":13}}},"28":{"name":"(anonymous_29)","decl":{"start":{"line":291,"column":60},"end":{"line":291,"column":61}},"loc":{"start":{"line":291,"column":68},"end":{"line":291,"column":87}}},"29":{"name":"(anonymous_30)","decl":{"start":{"line":312,"column":14},"end":{"line":312,"column":27}},"loc":{"start":{"line":312,"column":30},"end":{"line":314,"column":null}}},"30":{"name":"(anonymous_31)","decl":{"start":{"line":316,"column":14},"end":{"line":316,"column":33}},"loc":{"start":{"line":316,"column":51},"end":{"line":332,"column":null}}},"31":{"name":"(anonymous_32)","decl":{"start":{"line":334,"column":14},"end":{"line":334,"column":32}},"loc":{"start":{"line":334,"column":74},"end":{"line":340,"column":null}}},"32":{"name":"(anonymous_33)","decl":{"start":{"line":45,"column":4},"end":{"line":45,"column":16}},"loc":{"start":{"line":45,"column":45},"end":{"line":83,"column":null}}},"33":{"name":"(anonymous_34)","decl":{"start":{"line":64,"column":40},"end":{"line":64,"column":41}},"loc":{"start":{"line":64,"column":61},"end":{"line":66,"column":9}}},"34":{"name":"(anonymous_35)","decl":{"start":{"line":67,"column":42},"end":{"line":67,"column":43}},"loc":{"start":{"line":67,"column":63},"end":{"line":69,"column":9}}},"35":{"name":"(anonymous_36)","decl":{"start":{"line":70,"column":31},"end":{"line":70,"column":37}},"loc":{"start":{"line":70,"column":37},"end":{"line":72,"column":9}}},"36":{"name":"(anonymous_37)","decl":{"start":{"line":78,"column":12},"end":{"line":78,"column":13}},"loc":{"start":{"line":78,"column":57},"end":{"line":80,"column":13}}}},"branchMap":{"0":{"loc":{"start":{"line":15,"column":4},"end":{"line":15,"column":45}},"type":"if","locations":[{"start":{"line":15,"column":4},"end":{"line":15,"column":45}}]},"1":{"loc":{"start":{"line":132,"column":8},"end":{"line":135,"column":9}},"type":"if","locations":[{"start":{"line":132,"column":8},"end":{"line":135,"column":9}}]},"2":{"loc":{"start":{"line":141,"column":8},"end":{"line":141,"column":42}},"type":"binary-expr","locations":[{"start":{"line":141,"column":8},"end":{"line":141,"column":12}},{"start":{"line":141,"column":16},"end":{"line":141,"column":42}}]},"3":{"loc":{"start":{"line":147,"column":8},"end":{"line":147,"column":44}},"type":"binary-expr","locations":[{"start":{"line":147,"column":8},"end":{"line":147,"column":13}},{"start":{"line":147,"column":17},"end":{"line":147,"column":44}}]},"4":{"loc":{"start":{"line":151,"column":8},"end":{"line":151,"column":35}},"type":"binary-expr","locations":[{"start":{"line":151,"column":8},"end":{"line":151,"column":12}},{"start":{"line":151,"column":16},"end":{"line":151,"column":35}}]},"5":{"loc":{"start":{"line":157,"column":8},"end":{"line":186,"column":9}},"type":"if","locations":[{"start":{"line":157,"column":8},"end":{"line":186,"column":9}},{"start":{"line":183,"column":15},"end":{"line":186,"column":9}}]},"6":{"loc":{"start":{"line":167,"column":25},"end":{"line":169,"column":36}},"type":"cond-expr","locations":[{"start":{"line":168,"column":18},"end":{"line":168,"column":58}},{"start":{"line":169,"column":18},"end":{"line":169,"column":36}}]},"7":{"loc":{"start":{"line":180,"column":16},"end":{"line":182,"column":51}},"type":"cond-expr","locations":[{"start":{"line":181,"column":22},"end":{"line":181,"column":65}},{"start":{"line":182,"column":22},"end":{"line":182,"column":51}}]},"8":{"loc":{"start":{"line":212,"column":8},"end":{"line":212,"column":34}},"type":"if","locations":[{"start":{"line":212,"column":8},"end":{"line":212,"column":34}}]},"9":{"loc":{"start":{"line":214,"column":8},"end":{"line":217,"column":9}},"type":"if","locations":[{"start":{"line":214,"column":8},"end":{"line":217,"column":9}}]},"10":{"loc":{"start":{"line":224,"column":16},"end":{"line":227,"column":17}},"type":"if","locations":[{"start":{"line":224,"column":16},"end":{"line":227,"column":17}}]},"11":{"loc":{"start":{"line":234,"column":8},"end":{"line":234,"column":48}},"type":"if","locations":[{"start":{"line":234,"column":8},"end":{"line":234,"column":48}}]},"12":{"loc":{"start":{"line":243,"column":23},"end":{"line":243,"column":71}},"type":"binary-expr","locations":[{"start":{"line":243,"column":23},"end":{"line":243,"column":46}},{"start":{"line":243,"column":50},"end":{"line":243,"column":71}}]},"13":{"loc":{"start":{"line":248,"column":24},"end":{"line":248,"column":52}},"type":"binary-expr","locations":[{"start":{"line":248,"column":24},"end":{"line":248,"column":42}},{"start":{"line":248,"column":46},"end":{"line":248,"column":52}}]},"14":{"loc":{"start":{"line":260,"column":21},"end":{"line":260,"column":95}},"type":"cond-expr","locations":[{"start":{"line":260,"column":49},"end":{"line":260,"column":66}},{"start":{"line":260,"column":69},"end":{"line":260,"column":95}}]},"15":{"loc":{"start":{"line":264,"column":12},"end":{"line":266,"column":51}},"type":"cond-expr","locations":[{"start":{"line":265,"column":18},"end":{"line":265,"column":43}},{"start":{"line":266,"column":18},"end":{"line":266,"column":51}}]},"16":{"loc":{"start":{"line":273,"column":24},"end":{"line":273,"column":89}},"type":"binary-expr","locations":[{"start":{"line":273,"column":24},"end":{"line":273,"column":43}},{"start":{"line":273,"column":47},"end":{"line":273,"column":89}}]},"17":{"loc":{"start":{"line":283,"column":20},"end":{"line":283,"column":89}},"type":"cond-expr","locations":[{"start":{"line":283,"column":51},"end":{"line":283,"column":65}},{"start":{"line":283,"column":68},"end":{"line":283,"column":89}}]},"18":{"loc":{"start":{"line":297,"column":20},"end":{"line":299,"column":59}},"type":"cond-expr","locations":[{"start":{"line":298,"column":26},"end":{"line":298,"column":29}},{"start":{"line":299,"column":26},"end":{"line":299,"column":59}}]},"19":{"loc":{"start":{"line":303,"column":16},"end":{"line":305,"column":17}},"type":"if","locations":[{"start":{"line":303,"column":16},"end":{"line":305,"column":17}}]},"20":{"loc":{"start":{"line":323,"column":8},"end":{"line":323,"column":26}},"type":"if","locations":[{"start":{"line":323,"column":8},"end":{"line":323,"column":26}}]},"21":{"loc":{"start":{"line":337,"column":8},"end":{"line":339,"column":9}},"type":"if","locations":[{"start":{"line":337,"column":8},"end":{"line":339,"column":9}}]},"22":{"loc":{"start":{"line":337,"column":12},"end":{"line":337,"column":69}},"type":"binary-expr","locations":[{"start":{"line":337,"column":12},"end":{"line":337,"column":30}},{"start":{"line":337,"column":34},"end":{"line":337,"column":69}}]},"23":{"loc":{"start":{"line":45,"column":16},"end":{"line":45,"column":43}},"type":"default-arg","locations":[{"start":{"line":45,"column":41},"end":{"line":45,"column":43}}]},"24":{"loc":{"start":{"line":346,"column":0},"end":{"line":350,"column":1}},"type":"if","locations":[{"start":{"line":346,"column":0},"end":{"line":350,"column":1}}]}},"s":{"0":6,"1":1,"2":1,"3":1,"4":1,"5":1,"6":1,"7":12,"8":1,"9":1,"10":6,"11":13,"12":6,"13":6,"14":0,"15":0,"16":1,"17":8,"18":7,"19":7,"20":0,"21":0,"22":0,"23":0,"24":0,"25":0,"26":0,"27":0,"28":1,"29":1,"30":1,"31":1,"32":2,"33":0,"34":0,"35":0,"36":0,"37":0,"38":0,"39":0,"40":0,"41":0,"42":0,"43":0,"44":0,"45":0,"46":15,"47":15,"48":15,"49":15,"50":0,"51":0,"52":0,"53":0,"54":0,"55":0,"56":0,"57":0,"58":0,"59":0,"60":0,"61":0,"62":0,"63":0,"64":0,"65":0,"66":0,"67":0,"68":0,"69":0,"70":0,"71":0,"72":0,"73":0,"74":0,"75":0,"76":0,"77":0,"78":0,"79":0,"80":0,"81":0,"82":0,"83":0,"84":0,"85":0,"86":0,"87":0,"88":0,"89":0,"90":0,"91":0,"92":0,"93":0,"94":0,"95":0,"96":0,"97":0,"98":0,"99":0,"100":0,"101":0,"102":0,"103":0,"104":0,"105":0,"106":0,"107":0,"108":0,"109":60,"110":60,"111":40,"112":5,"113":4,"114":4,"115":4,"116":4,"117":4,"118":4,"119":4,"120":4,"121":4,"122":4,"123":4,"124":4,"125":4,"126":4,"127":0,"128":4,"129":0,"130":4,"131":0,"132":4,"133":4,"134":4,"135":60,"136":1,"137":0},"f":{"0":6,"1":12,"2":6,"3":0,"4":0,"5":1,"6":8,"7":7,"8":0,"9":0,"10":0,"11":1,"12":1,"13":2,"14":0,"15":0,"16":0,"17":15,"18":0,"19":0,"20":0,"21":0,"22":0,"23":0,"24":0,"25":0,"26":0,"27":0,"28":0,"29":0,"30":0,"31":60,"32":5,"33":0,"34":0,"35":0,"36":60},"b":{"0":[1],"1":[0],"2":[1,1],"3":[1,1],"4":[2,2],"5":[0,0],"6":[0,0],"7":[0,0],"8":[0],"9":[0],"10":[0],"11":[0],"12":[0,0],"13":[0,0],"14":[0,0],"15":[0,0],"16":[0,0],"17":[0,0],"18":[0,0],"19":[0],"20":[0],"21":[40],"22":[60,60],"23":[3],"24":[0]}}
,"/home/www/ol-contextmenu/src/types.ts": {"path":"/home/www/ol-contextmenu/src/types.ts","statementMap":{"0":{"start":{"line":6,"column":12},"end":{"line":6,"column":null}},"1":{"start":{"line":6,"column":12},"end":{"line":7,"column":null}},"2":{"start":{"line":6,"column":12},"end":{"line":8,"column":null}},"3":{"start":{"line":6,"column":12},"end":{"line":9,"column":null}},"4":{"start":{"line":12,"column":12},"end":{"line":12,"column":null}},"5":{"start":{"line":12,"column":12},"end":{"line":13,"column":null}},"6":{"start":{"line":12,"column":12},"end":{"line":14,"column":null}},"7":{"start":{"line":12,"column":12},"end":{"line":15,"column":null}},"8":{"start":{"line":12,"column":12},"end":{"line":16,"column":null}}},"fnMap":{"0":{"name":"(anonymous_3)","decl":{"start":{"line":6,"column":12},"end":{"line":6,"column":22}},"loc":{"start":{"line":6,"column":22},"end":{"line":6,"column":11}}},"1":{"name":"(anonymous_4)","decl":{"start":{"line":12,"column":12},"end":{"line":12,"column":28}},"loc":{"start":{"line":12,"column":28},"end":{"line":12,"column":11}}}},"branchMap":{"0":{"loc":{"start":{"line":6,"column":12},"end":{"line":6,"column":null}},"type":"binary-expr","locations":[{"start":{"line":6,"column":12},"end":{"line":6,"column":22}},{"start":{"line":6,"column":12},"end":{"line":6,"column":null}}]},"1":{"loc":{"start":{"line":12,"column":12},"end":{"line":12,"column":null}},"type":"binary-expr","locations":[{"start":{"line":12,"column":12},"end":{"line":12,"column":28}},{"start":{"line":12,"column":12},"end":{"line":12,"column":null}}]}},"s":{"0":1,"1":1,"2":1,"3":1,"4":1,"5":1,"6":1,"7":1,"8":1},"f":{"0":1,"1":1},"b":{"0":[1,1],"1":[1,1]}}
,"/home/www/ol-contextmenu/src/helpers/dom.ts": {"path":"/home/www/ol-contextmenu/src/helpers/dom.ts","statementMap":{"0":{"start":{"line":5,"column":16},"end":{"line":5,"column":30}},"1":{"start":{"line":19,"column":16},"end":{"line":19,"column":29}},"2":{"start":{"line":43,"column":16},"end":{"line":43,"column":28}},"3":{"start":{"line":109,"column":16},"end":{"line":109,"column":30}},"4":{"start":{"line":1,"column":28},"end":{"line":1,"column":null}},"5":{"start":{"line":2,"column":39},"end":{"line":2,"column":null}},"6":{"start":{"line":3,"column":20},"end":{"line":3,"column":null}},"7":{"start":{"line":6,"column":21},"end":{"line":6,"column":54}},"8":{"start":{"line":7,"column":16},"end":{"line":7,"column":45}},"9":{"start":{"line":10,"column":4},"end":{"line":10,"column":25}},"10":{"start":{"line":12,"column":4},"end":{"line":14,"column":5}},"11":{"start":{"line":13,"column":8},"end":{"line":13,"column":40}},"12":{"start":{"line":16,"column":4},"end":{"line":16,"column":20}},"13":{"start":{"line":20,"column":19},"end":{"line":20,"column":49}},"14":{"start":{"line":21,"column":18},"end":{"line":21,"column":39}},"15":{"start":{"line":23,"column":4},"end":{"line":23,"column":173}},"16":{"start":{"line":25,"column":17},"end":{"line":25,"column":51}},"17":{"start":{"line":26,"column":18},"end":{"line":26,"column":52}},"18":{"start":{"line":27,"column":20},"end":{"line":27,"column":48}},"19":{"start":{"line":28,"column":21},"end":{"line":28,"column":49}},"20":{"start":{"line":30,"column":4},"end":{"line":30,"column":25}},"21":{"start":{"line":31,"column":4},"end":{"line":31,"column":27}},"22":{"start":{"line":32,"column":4},"end":{"line":32,"column":27}},"23":{"start":{"line":33,"column":4},"end":{"line":33,"column":28}},"24":{"start":{"line":34,"column":4},"end":{"line":34,"column":41}},"25":{"start":{"line":36,"column":19},"end":{"line":36,"column":42}},"26":{"start":{"line":38,"column":4},"end":{"line":38,"column":46}},"27":{"start":{"line":40,"column":4},"end":{"line":40,"column":18}},"28":{"start":{"line":48,"column":15},"end":{"line":48,"column":60}},"29":{"start":{"line":50,"column":4},"end":{"line":85,"column":5}},"30":{"start":{"line":51,"column":21},"end":{"line":51,"column":48}},"31":{"start":{"line":52,"column":21},"end":{"line":52,"column":41}},"32":{"start":{"line":53,"column":24},"end":{"line":53,"column":52}},"33":{"start":{"line":55,"column":8},"end":{"line":55,"column":46}},"34":{"start":{"line":57,"column":8},"end":{"line":65,"column":9}},"35":{"start":{"line":58,"column":12},"end":{"line":62,"column":13}},"36":{"start":{"line":59,"column":16},"end":{"line":59,"column":50}},"37":{"start":{"line":60,"column":19},"end":{"line":62,"column":13}},"38":{"start":{"line":61,"column":16},"end":{"line":61,"column":57}},"39":{"start":{"line":64,"column":12},"end":{"line":64,"column":80}},"40":{"start":{"line":67,"column":8},"end":{"line":67,"column":24}},"41":{"start":{"line":68,"column":8},"end":{"line":68,"column":43}},"42":{"start":{"line":69,"column":8},"end":{"line":69,"column":29}},"43":{"start":{"line":70,"column":8},"end":{"line":70,"column":35}},"44":{"start":{"line":72,"column":8},"end":{"line":82,"column":10}},"45":{"start":{"line":84,"column":8},"end":{"line":84,"column":23}},"46":{"start":{"line":87,"column":17},"end":{"line":87,"column":76}},"47":{"start":{"line":88,"column":17},"end":{"line":88,"column":37}},"48":{"start":{"line":90,"column":4},"end":{"line":90,"column":28}},"49":{"start":{"line":92,"column":20},"end":{"line":92,"column":40}},"50":{"start":{"line":94,"column":4},"end":{"line":104,"column":6}},"51":{"start":{"line":106,"column":4},"end":{"line":106,"column":19}},"52":{"start":{"line":110,"column":4},"end":{"line":126,"column":7}},"53":{"start":{"line":111,"column":8},"end":{"line":125,"column":9}},"54":{"start":{"line":112,"column":23},"end":{"line":112,"column":58}},"55":{"start":{"line":114,"column":12},"end":{"line":114,"column":50}},"56":{"start":{"line":115,"column":23},"end":{"line":115,"column":51}},"57":{"start":{"line":117,"column":12},"end":{"line":117,"column":52}},"58":{"start":{"line":118,"column":12},"end":{"line":118,"column":46}},"59":{"start":{"line":120,"column":12},"end":{"line":120,"column":26}},"60":{"start":{"line":122,"column":12},"end":{"line":122,"column":54}},"61":{"start":{"line":124,"column":12},"end":{"line":124,"column":42}}},"fnMap":{"0":{"name":"(anonymous_1)","decl":{"start":{"line":5,"column":30},"end":{"line":5,"column":31}},"loc":{"start":{"line":5,"column":16},"end":{"line":5,"column":30}}},"1":{"name":"(anonymous_2)","decl":{"start":{"line":19,"column":29},"end":{"line":19,"column":30}},"loc":{"start":{"line":19,"column":16},"end":{"line":19,"column":29}}},"2":{"name":"(anonymous_3)","decl":{"start":{"line":43,"column":28},"end":{"line":43,"column":null}},"loc":{"start":{"line":43,"column":16},"end":{"line":43,"column":28}}},"3":{"name":"(anonymous_4)","decl":{"start":{"line":109,"column":30},"end":{"line":109,"column":31}},"loc":{"start":{"line":109,"column":16},"end":{"line":109,"column":30}}},"4":{"name":"createFragment","decl":{"start":{"line":5,"column":16},"end":{"line":5,"column":30}},"loc":{"start":{"line":5,"column":63},"end":{"line":17,"column":1}}},"5":{"name":"getLineHeight","decl":{"start":{"line":19,"column":16},"end":{"line":19,"column":29}},"loc":{"start":{"line":19,"column":65},"end":{"line":41,"column":1}}},"6":{"name":"addMenuEntry","decl":{"start":{"line":43,"column":16},"end":{"line":43,"column":28}},"loc":{"start":{"line":47,"column":17},"end":{"line":107,"column":1}}},"7":{"name":"addMenuEntries","decl":{"start":{"line":109,"column":16},"end":{"line":109,"column":30}},"loc":{"start":{"line":109,"column":94},"end":{"line":127,"column":1}}},"8":{"name":"(anonymous_10)","decl":{"start":{"line":110,"column":18},"end":{"line":110,"column":19}},"loc":{"start":{"line":110,"column":28},"end":{"line":126,"column":5}}}},"branchMap":{"0":{"loc":{"start":{"line":46,"column":4},"end":{"line":46,"column":21}},"type":"default-arg","locations":[{"start":{"line":46,"column":16},"end":{"line":46,"column":21}}]},"1":{"loc":{"start":{"line":50,"column":4},"end":{"line":85,"column":5}},"type":"if","locations":[{"start":{"line":50,"column":4},"end":{"line":85,"column":5}}]},"2":{"loc":{"start":{"line":50,"column":8},"end":{"line":50,"column":50}},"type":"binary-expr","locations":[{"start":{"line":50,"column":8},"end":{"line":50,"column":32}},{"start":{"line":50,"column":36},"end":{"line":50,"column":50}}]},"3":{"loc":{"start":{"line":55,"column":25},"end":{"line":55,"column":45}},"type":"binary-expr","locations":[{"start":{"line":55,"column":25},"end":{"line":55,"column":39}},{"start":{"line":55,"column":43},"end":{"line":55,"column":45}}]},"4":{"loc":{"start":{"line":57,"column":8},"end":{"line":65,"column":9}},"type":"if","locations":[{"start":{"line":57,"column":8},"end":{"line":65,"column":9}}]},"5":{"loc":{"start":{"line":58,"column":12},"end":{"line":62,"column":13}},"type":"if","locations":[{"start":{"line":58,"column":12},"end":{"line":62,"column":13}},{"start":{"line":60,"column":19},"end":{"line":62,"column":13}}]},"6":{"loc":{"start":{"line":60,"column":19},"end":{"line":62,"column":13}},"type":"if","locations":[{"start":{"line":60,"column":19},"end":{"line":62,"column":13}}]},"7":{"loc":{"start":{"line":78,"column":26},"end":{"line":78,"column":67}},"type":"cond-expr","locations":[{"start":{"line":78,"column":47},"end":{"line":78,"column":60}},{"start":{"line":78,"column":63},"end":{"line":78,"column":67}}]},"8":{"loc":{"start":{"line":79,"column":22},"end":{"line":79,"column":55}},"type":"cond-expr","locations":[{"start":{"line":79,"column":39},"end":{"line":79,"column":48}},{"start":{"line":79,"column":51},"end":{"line":79,"column":55}}]},"9":{"loc":{"start":{"line":111,"column":8},"end":{"line":125,"column":9}},"type":"if","locations":[{"start":{"line":111,"column":8},"end":{"line":125,"column":9}},{"start":{"line":123,"column":15},"end":{"line":125,"column":9}}]},"10":{"loc":{"start":{"line":111,"column":12},"end":{"line":111,"column":84}},"type":"binary-expr","locations":[{"start":{"line":111,"column":12},"end":{"line":111,"column":36}},{"start":{"line":111,"column":40},"end":{"line":111,"column":55}},{"start":{"line":111,"column":59},"end":{"line":111,"column":84}}]}},"s":{"0":0,"1":0,"2":0,"3":7,"4":1,"5":1,"6":1,"7":15,"8":15,"9":15,"10":15,"11":15,"12":15,"13":0,"14":0,"15":0,"16":0,"17":0,"18":0,"19":0,"20":0,"21":0,"22":0,"23":0,"24":0,"25":0,"26":0,"27":0,"28":15,"29":15,"30":10,"31":10,"32":10,"33":10,"34":10,"35":0,"36":0,"37":0,"38":0,"39":0,"40":10,"41":10,"42":10,"43":10,"44":10,"45":10,"46":5,"47":5,"48":5,"49":5,"50":5,"51":5,"52":7,"53":15,"54":0,"55":0,"56":0,"57":0,"58":0,"59":0,"60":0,"61":15},"f":{"0":0,"1":0,"2":0,"3":7,"4":15,"5":0,"6":15,"7":7,"8":15},"b":{"0":[15],"1":[10],"2":[15,10],"3":[10,5],"4":[0],"5":[0,0],"6":[0],"7":[10,0],"8":[9,1],"9":[0,15],"10":[15,10,0]}}
}
