TN:
SF:src/constants.ts
FN:3,(anonymous_1)
FN:13,(anonymous_2)
FN:25,(anonymous_3)
FN:29,(anonymous_4)
FN:42,(anonymous_5)
FNF:5
FNH:3
FNDA:5,(anonymous_1)
FNDA:17,(anonymous_2)
FNDA:2,(anonymous_3)
FNDA:0,(anonymous_4)
FNDA:0,(anonymous_5)
DA:1,1
DA:3,5
DA:11,1
DA:13,17
DA:25,2
DA:30,0
DA:32,0
DA:43,0
DA:45,0
LF:9
LH:5
BRF:0
BRH:0
end_of_record
TN:
SF:src/emitter.ts
FN:5,(anonymous_0)
FNF:1
FNH:1
FNDA:19,(anonymous_0)
DA:1,1
DA:3,1
DA:5,19
LF:3
LH:3
BRF:0
BRH:0
end_of_record
TN:
SF:src/main.ts
FN:18,(anonymous_0)
FN:14,assert
FN:85,(anonymous_3)
FN:94,(anonymous_4)
FN:98,(anonymous_5)
FN:102,(anonymous_6)
FN:106,(anonymous_7)
FN:110,(anonymous_8)
FN:119,(anonymous_9)
FN:125,(anonymous_10)
FN:129,(anonymous_11)
FN:138,(anonymous_12)
FN:144,(anonymous_13)
FN:150,(anonymous_14)
FN:154,(anonymous_15)
FN:163,(anonymous_16)
FN:189,(anonymous_17)
FN:195,(anonymous_18)
FN:203,(anonymous_19)
FN:223,(anonymous_20)
FN:233,(anonymous_21)
FN:241,(anonymous_22)
FN:243,(anonymous_23)
FN:247,(anonymous_24)
FN:271,(anonymous_25)
FN:273,(anonymous_26)
FN:277,(anonymous_27)
FN:281,(anonymous_28)
FN:291,(anonymous_29)
FN:312,(anonymous_30)
FN:316,(anonymous_31)
FN:334,(anonymous_32)
FN:45,(anonymous_33)
FN:64,(anonymous_34)
FN:67,(anonymous_35)
FN:70,(anonymous_36)
FN:78,(anonymous_37)
FNF:37
FNH:13
FNDA:6,(anonymous_0)
FNDA:12,assert
FNDA:6,(anonymous_3)
FNDA:0,(anonymous_4)
FNDA:0,(anonymous_5)
FNDA:1,(anonymous_6)
FNDA:8,(anonymous_7)
FNDA:7,(anonymous_8)
FNDA:0,(anonymous_9)
FNDA:0,(anonymous_10)
FNDA:0,(anonymous_11)
FNDA:1,(anonymous_12)
FNDA:1,(anonymous_13)
FNDA:2,(anonymous_14)
FNDA:0,(anonymous_15)
FNDA:0,(anonymous_16)
FNDA:0,(anonymous_17)
FNDA:15,(anonymous_18)
FNDA:0,(anonymous_19)
FNDA:0,(anonymous_20)
FNDA:0,(anonymous_21)
FNDA:0,(anonymous_22)
FNDA:0,(anonymous_23)
FNDA:0,(anonymous_24)
FNDA:0,(anonymous_25)
FNDA:0,(anonymous_26)
FNDA:0,(anonymous_27)
FNDA:0,(anonymous_28)
FNDA:0,(anonymous_29)
FNDA:0,(anonymous_30)
FNDA:0,(anonymous_31)
FNDA:60,(anonymous_32)
FNDA:5,(anonymous_33)
FNDA:0,(anonymous_34)
FNDA:0,(anonymous_35)
FNDA:0,(anonymous_36)
FNDA:60,(anonymous_37)
DA:3,1
DA:7,1
DA:8,1
DA:9,1
DA:10,1
DA:12,1
DA:15,12
DA:18,6
DA:23,4
DA:25,4
DA:33,4
DA:39,4
DA:41,4
DA:46,5
DA:48,4
DA:50,4
DA:52,4
DA:53,4
DA:55,4
DA:56,4
DA:57,4
DA:63,4
DA:64,4
DA:65,0
DA:67,4
DA:68,0
DA:70,4
DA:71,0
DA:73,4
DA:74,4
DA:76,4
DA:79,60
DA:86,6
DA:87,13
DA:90,6
DA:91,6
DA:95,0
DA:99,0
DA:103,1
DA:107,8
DA:111,7
DA:112,7
DA:120,0
DA:121,0
DA:122,0
DA:126,0
DA:130,0
DA:132,0
DA:133,0
DA:134,0
DA:139,1
DA:141,1
DA:145,1
DA:147,1
DA:151,2
DA:155,0
DA:157,0
DA:158,0
DA:159,0
DA:163,0
DA:164,0
DA:167,0
DA:171,0
DA:177,0
DA:179,0
DA:184,0
DA:185,0
DA:190,0
DA:196,15
DA:198,15
DA:199,15
DA:200,15
DA:204,0
DA:205,0
DA:206,0
DA:212,0
DA:214,0
DA:215,0
DA:216,0
DA:219,0
DA:221,0
DA:224,0
DA:225,0
DA:226,0
DA:234,0
DA:236,0
DA:237,0
DA:238,0
DA:242,0
DA:243,0
DA:248,0
DA:249,0
DA:253,0
DA:260,0
DA:262,0
DA:263,0
DA:267,0
DA:268,0
DA:269,0
DA:271,0
DA:272,0
DA:273,0
DA:276,0
DA:277,0
DA:278,0
DA:279,0
DA:281,0
DA:283,0
DA:285,0
DA:289,0
DA:291,0
DA:294,0
DA:295,0
DA:296,0
DA:300,0
DA:301,0
DA:303,0
DA:304,0
DA:309,0
DA:313,0
DA:317,0
DA:318,0
DA:320,0
DA:321,0
DA:323,0
DA:325,0
DA:330,0
DA:331,0
DA:335,60
DA:337,60
DA:338,40
DA:346,1
DA:349,0
LF:133
LH:50
BRDA:15,0,0,1
BRDA:132,1,0,0
BRDA:141,2,0,1
BRDA:141,2,1,1
BRDA:147,3,0,1
BRDA:147,3,1,1
BRDA:151,4,0,2
BRDA:151,4,1,2
BRDA:157,5,0,0
BRDA:157,5,1,0
BRDA:167,6,0,0
BRDA:167,6,1,0
BRDA:180,7,0,0
BRDA:180,7,1,0
BRDA:212,8,0,0
BRDA:214,9,0,0
BRDA:224,10,0,0
BRDA:234,11,0,0
BRDA:243,12,0,0
BRDA:243,12,1,0
BRDA:248,13,0,0
BRDA:248,13,1,0
BRDA:260,14,0,0
BRDA:260,14,1,0
BRDA:264,15,0,0
BRDA:264,15,1,0
BRDA:273,16,0,0
BRDA:273,16,1,0
BRDA:283,17,0,0
BRDA:283,17,1,0
BRDA:297,18,0,0
BRDA:297,18,1,0
BRDA:303,19,0,0
BRDA:323,20,0,0
BRDA:337,21,0,40
BRDA:337,22,0,60
BRDA:337,22,1,60
BRDA:45,23,0,3
BRDA:346,24,0,0
BRF:39
BRH:11
end_of_record
TN:
SF:src/types.ts
FN:6,(anonymous_3)
FN:12,(anonymous_4)
FNF:2
FNH:2
FNDA:1,(anonymous_3)
FNDA:1,(anonymous_4)
DA:6,1
DA:12,1
LF:2
LH:2
BRDA:6,0,0,1
BRDA:6,0,1,1
BRDA:12,1,0,1
BRDA:12,1,1,1
BRF:4
BRH:4
end_of_record
TN:
SF:src/helpers/dom.ts
FN:5,(anonymous_1)
FN:19,(anonymous_2)
FN:43,(anonymous_3)
FN:109,(anonymous_4)
FN:5,createFragment
FN:19,getLineHeight
FN:43,addMenuEntry
FN:109,addMenuEntries
FN:110,(anonymous_10)
FNF:9
FNH:5
FNDA:0,(anonymous_1)
FNDA:0,(anonymous_2)
FNDA:0,(anonymous_3)
FNDA:7,(anonymous_4)
FNDA:15,createFragment
FNDA:0,getLineHeight
FNDA:15,addMenuEntry
FNDA:7,addMenuEntries
FNDA:15,(anonymous_10)
DA:1,1
DA:2,1
DA:3,1
DA:5,0
DA:6,15
DA:7,15
DA:10,15
DA:12,15
DA:13,15
DA:16,15
DA:19,0
DA:20,0
DA:21,0
DA:23,0
DA:25,0
DA:26,0
DA:27,0
DA:28,0
DA:30,0
DA:31,0
DA:32,0
DA:33,0
DA:34,0
DA:36,0
DA:38,0
DA:40,0
DA:43,0
DA:48,15
DA:50,15
DA:51,10
DA:52,10
DA:53,10
DA:55,10
DA:57,10
DA:58,0
DA:59,0
DA:60,0
DA:61,0
DA:64,0
DA:67,10
DA:68,10
DA:69,10
DA:70,10
DA:72,10
DA:84,10
DA:87,5
DA:88,5
DA:90,5
DA:92,5
DA:94,5
DA:106,5
DA:109,7
DA:110,7
DA:111,15
DA:112,0
DA:114,0
DA:115,0
DA:117,0
DA:118,0
DA:120,0
DA:122,0
DA:124,15
LF:62
LH:32
BRDA:46,0,0,15
BRDA:50,1,0,10
BRDA:50,2,0,15
BRDA:50,2,1,10
BRDA:55,3,0,10
BRDA:55,3,1,5
BRDA:57,4,0,0
BRDA:58,5,0,0
BRDA:58,5,1,0
BRDA:60,6,0,0
BRDA:78,7,0,10
BRDA:78,7,1,0
BRDA:79,8,0,9
BRDA:79,8,1,1
BRDA:111,9,0,0
BRDA:111,9,1,15
BRDA:111,10,0,15
BRDA:111,10,1,10
BRDA:111,10,2,0
BRF:19
BRH:12
end_of_record
